[    90.236] (--) Log file renamed from "/home/simplon/.local/share/xorg/Xorg.pid-1288.log" to "/home/simplon/.local/share/xorg/Xorg.0.log"
[    90.237] 
X.Org X Server 1.20.4
X Protocol Version 11, Revision 0
[    90.237] Build Operating System: Linux 4.4.0-143-generic x86_64 Ubuntu
[    90.237] Current Operating System: Linux simplon-ThinkPad-T430 5.0.0-13-generic #14-Ubuntu SMP Mon Apr 15 14:59:14 UTC 2019 x86_64
[    90.237] Kernel command line: BOOT_IMAGE=/boot/vmlinuz-5.0.0-13-generic root=UUID=685d10a3-e9fd-4ffd-ac1e-1a1b45d3e871 ro quiet splash vt.handoff=1
[    90.237] Build Date: 03 April 2019  09:03:57AM
[    90.237] xorg-server 2:1.20.4-1ubuntu3 (For technical support please see http://www.ubuntu.com/support) 
[    90.237] Current version of pixman: 0.36.0
[    90.237] 	Before reporting problems, check http://wiki.x.org
	to make sure that you have the latest version.
[    90.237] Markers: (--) probed, (**) from config file, (==) default setting,
	(++) from command line, (!!) notice, (II) informational,
	(WW) warning, (EE) error, (NI) not implemented, (??) unknown.
[    90.238] (==) Log file: "/home/simplon/.local/share/xorg/Xorg.0.log", Time: Thu Apr 25 09:30:17 2019
[    90.332] (==) Using system config directory "/usr/share/X11/xorg.conf.d"
[    90.409] (==) No Layout section.  Using the first Screen section.
[    90.409] (==) No screen section available. Using defaults.
[    90.409] (**) |-->Screen "Default Screen Section" (0)
[    90.409] (**) |   |-->Monitor "<default monitor>"
[    90.447] (==) No monitor specified for screen "Default Screen Section".
	Using a default monitor configuration.
[    90.447] (==) Automatically adding devices
[    90.447] (==) Automatically enabling devices
[    90.447] (==) Automatically adding GPU devices
[    90.447] (==) Automatically binding GPU devices
[    90.447] (==) Max clients allowed: 256, resource mask: 0x1fffff
[    90.447] (WW) The directory "/usr/share/fonts/X11/cyrillic" does not exist.
[    90.447] 	Entry deleted from font path.
[    90.447] (WW) The directory "/usr/share/fonts/X11/100dpi/" does not exist.
[    90.447] 	Entry deleted from font path.
[    90.447] (WW) The directory "/usr/share/fonts/X11/75dpi/" does not exist.
[    90.447] 	Entry deleted from font path.
[    90.447] (WW) The directory "/usr/share/fonts/X11/100dpi" does not exist.
[    90.447] 	Entry deleted from font path.
[    90.447] (WW) The directory "/usr/share/fonts/X11/75dpi" does not exist.
[    90.447] 	Entry deleted from font path.
[    90.447] (==) FontPath set to:
	/usr/share/fonts/X11/misc,
	/usr/share/fonts/X11/Type1,
	built-ins
[    90.447] (==) ModulePath set to "/usr/lib/xorg/modules"
[    90.447] (II) The server relies on udev to provide the list of input devices.
	If no devices become available, reconfigure udev or disable AutoAddDevices.
[    90.447] (II) Loader magic: 0x5601b7c6b020
[    90.447] (II) Module ABI versions:
[    90.447] 	X.Org ANSI C Emulation: 0.4
[    90.447] 	X.Org Video Driver: 24.0
[    90.447] 	X.Org XInput driver : 24.1
[    90.447] 	X.Org Server Extension : 10.0
[    90.448] (++) using VT number 2

[    90.451] (II) systemd-logind: took control of session /org/freedesktop/login1/session/_33
[    90.453] (II) xfree86: Adding drm device (/dev/dri/card0)
[    90.454] (II) systemd-logind: got fd for /dev/dri/card0 226:0 fd 12 paused 0
[    90.457] (--) PCI:*(0@0:2:0) 8086:0166:17aa:21f3 rev 9, Mem @ 0xf0000000/4194304, 0xe0000000/268435456, I/O @ 0x00005000/64, BIOS @ 0x????????/131072
[    90.497] (II) LoadModule: "glx"
[    90.557] (II) Loading /usr/lib/xorg/modules/extensions/libglx.so
[    90.578] (II) Module glx: vendor="X.Org Foundation"
[    90.578] 	compiled for 1.20.4, module version = 1.0.0
[    90.578] 	ABI class: X.Org Server Extension, version 10.0
[    90.578] (==) Matched modesetting as autoconfigured driver 0
[    90.578] (==) Matched fbdev as autoconfigured driver 1
[    90.578] (==) Matched vesa as autoconfigured driver 2
[    90.578] (==) Assigned the driver to the xf86ConfigLayout
[    90.578] (II) LoadModule: "modesetting"
[    90.579] (II) Loading /usr/lib/xorg/modules/drivers/modesetting_drv.so
[    90.592] (II) Module modesetting: vendor="X.Org Foundation"
[    90.592] 	compiled for 1.20.4, module version = 1.20.4
[    90.592] 	Module class: X.Org Video Driver
[    90.592] 	ABI class: X.Org Video Driver, version 24.0
[    90.592] (II) LoadModule: "fbdev"
[    90.593] (II) Loading /usr/lib/xorg/modules/drivers/fbdev_drv.so
[    90.595] (II) Module fbdev: vendor="X.Org Foundation"
[    90.595] 	compiled for 1.20.1, module version = 0.5.0
[    90.595] 	Module class: X.Org Video Driver
[    90.595] 	ABI class: X.Org Video Driver, version 24.0
[    90.595] (II) LoadModule: "vesa"
[    90.595] (II) Loading /usr/lib/xorg/modules/drivers/vesa_drv.so
[    90.619] (II) Module vesa: vendor="X.Org Foundation"
[    90.619] 	compiled for 1.20.4, module version = 2.4.0
[    90.619] 	Module class: X.Org Video Driver
[    90.619] 	ABI class: X.Org Video Driver, version 24.0
[    90.619] (II) modesetting: Driver for Modesetting Kernel Drivers: kms
[    90.619] (II) FBDEV: driver for framebuffer: fbdev
[    90.619] (II) VESA: driver for VESA chipsets: vesa
[    90.619] xf86EnableIOPorts: failed to set IOPL for I/O (Operation not permitted)
[    90.619] (II) modeset(0): using drv /dev/dri/card0
[    90.620] (WW) Falling back to old probe method for fbdev
[    90.620] (II) Loading sub module "fbdevhw"
[    90.620] (II) LoadModule: "fbdevhw"
[    90.620] (II) Loading /usr/lib/xorg/modules/libfbdevhw.so
[    90.644] (II) Module fbdevhw: vendor="X.Org Foundation"
[    90.644] 	compiled for 1.20.4, module version = 0.0.2
[    90.644] 	ABI class: X.Org Video Driver, version 24.0
[    90.644] (EE) open /dev/fb0: Permission denied
[    90.644] (WW) VGA arbiter: cannot open kernel arbiter, no multi-card support
[    90.644] (II) modeset(0): Creating default Display subsection in Screen section
	"Default Screen Section" for depth/fbbpp 24/32
[    90.644] (==) modeset(0): Depth 24, (==) framebuffer bpp 32
[    90.644] (==) modeset(0): RGB weight 888
[    90.645] (==) modeset(0): Default visual is TrueColor
[    90.645] (II) Loading sub module "glamoregl"
[    90.645] (II) LoadModule: "glamoregl"
[    90.645] (II) Loading /usr/lib/xorg/modules/libglamoregl.so
[    90.746] (II) Module glamoregl: vendor="X.Org Foundation"
[    90.746] 	compiled for 1.20.4, module version = 1.0.1
[    90.746] 	ABI class: X.Org ANSI C Emulation, version 0.4
[    90.793] (II) modeset(0): glamor X acceleration enabled on Mesa DRI Intel(R) Ivybridge Mobile 
[    90.793] (II) modeset(0): glamor initialized
[    90.793] (II) modeset(0): Output LVDS-1 has no monitor section
[    90.794] (II) modeset(0): Output VGA-1 has no monitor section
[    90.988] (II) modeset(0): Output HDMI-1 has no monitor section
[    90.988] (II) modeset(0): Output DP-1 has no monitor section
[    90.990] (II) modeset(0): Output HDMI-2 has no monitor section
[    90.992] (II) modeset(0): Output HDMI-3 has no monitor section
[    90.992] (II) modeset(0): Output DP-2 has no monitor section
[    90.992] (II) modeset(0): Output DP-3 has no monitor section
[    91.001] (II) modeset(0): EDID for output LVDS-1
[    91.001] (II) modeset(0): Manufacturer: LGD  Model: 335  Serial#: 0
[    91.001] (II) modeset(0): Year: 2011  Week: 0
[    91.001] (II) modeset(0): EDID Version: 1.3
[    91.001] (II) modeset(0): Digital Display Input
[    91.001] (II) modeset(0): Max Image Size [cm]: horiz.: 31  vert.: 17
[    91.001] (II) modeset(0): Gamma: 2.20
[    91.001] (II) modeset(0): DPMS capabilities: StandBy Suspend Off
[    91.001] (II) modeset(0): Supported color encodings: RGB 4:4:4 YCrCb 4:4:4 
[    91.001] (II) modeset(0): First detailed timing is preferred mode
[    91.002] (II) modeset(0): redX: 0.585 redY: 0.345   greenX: 0.340 greenY: 0.560
[    91.002] (II) modeset(0): blueX: 0.160 blueY: 0.125   whiteX: 0.313 whiteY: 0.329
[    91.002] (II) modeset(0): Manufacturer's mask: 0
[    91.002] (II) modeset(0): Supported detailed timing:
[    91.002] (II) modeset(0): clock: 69.3 MHz   Image Size:  310 x 174 mm
[    91.002] (II) modeset(0): h_active: 1366  h_sync: 1398  h_sync_end 1430 h_blank_end 1470 h_border: 0
[    91.002] (II) modeset(0): v_active: 768  v_sync: 771  v_sync_end 776 v_blanking: 786 v_border: 0
[    91.002] (II) modeset(0):  LG Display
[    91.002] (II) modeset(0):  LP140WH2-TLF1
[    91.002] (II) modeset(0): EDID (in hex):
[    91.002] (II) modeset(0): 	00ffffffffffff0030e4350300000000
[    91.002] (II) modeset(0): 	00150103801f1178ead1059558578f29
[    91.002] (II) modeset(0): 	20505400000001010101010101010101
[    91.002] (II) modeset(0): 	010101010101121b5668500012302020
[    91.002] (II) modeset(0): 	350036ae100000190000000000000000
[    91.002] (II) modeset(0): 	00000000000000000000000000fe004c
[    91.002] (II) modeset(0): 	4720446973706c61790a2020000000fe
[    91.002] (II) modeset(0): 	004c503134305748322d544c463100d5
[    91.002] (II) modeset(0): Printing probed modes for output LVDS-1
[    91.002] (II) modeset(0): Modeline "1366x768"x60.0   69.30  1366 1398 1430 1470  768 771 776 786 -hsync -vsync (47.1 kHz eP)
[    91.002] (II) modeset(0): Modeline "1360x768"x59.8   84.75  1360 1432 1568 1776  768 771 781 798 -hsync +vsync (47.7 kHz d)
[    91.002] (II) modeset(0): Modeline "1360x768"x60.0   72.00  1360 1408 1440 1520  768 771 781 790 +hsync -vsync (47.4 kHz d)
[    91.002] (II) modeset(0): Modeline "1280x720"x120.0  156.12  1280 1376 1512 1744  720 721 724 746 doublescan -hsync +vsync (89.5 kHz d)
[    91.002] (II) modeset(0): Modeline "1280x720"x120.0  120.75  1280 1304 1320 1360  720 721 724 740 doublescan +hsync -vsync (88.8 kHz d)
[    91.002] (II) modeset(0): Modeline "1280x720"x59.9   74.50  1280 1344 1472 1664  720 723 728 748 -hsync +vsync (44.8 kHz d)
[    91.002] (II) modeset(0): Modeline "1280x720"x59.7   63.75  1280 1328 1360 1440  720 723 728 741 +hsync -vsync (44.3 kHz d)
[    91.002] (II) modeset(0): Modeline "1024x768"x120.1  133.47  1024 1100 1212 1400  768 768 770 794 doublescan -hsync +vsync (95.3 kHz d)
[    91.002] (II) modeset(0): Modeline "1024x768"x60.0   65.00  1024 1048 1184 1344  768 771 777 806 -hsync -vsync (48.4 kHz d)
[    91.002] (II) modeset(0): Modeline "960x720"x120.0  117.00  960 1024 1128 1300  720 720 722 750 doublescan -hsync +vsync (90.0 kHz d)
[    91.002] (II) modeset(0): Modeline "928x696"x120.1  109.15  928 976 1088 1264  696 696 698 719 doublescan -hsync +vsync (86.4 kHz d)
[    91.002] (II) modeset(0): Modeline "896x672"x120.0  102.40  896 960 1060 1224  672 672 674 697 doublescan -hsync +vsync (83.7 kHz d)
[    91.002] (II) modeset(0): Modeline "1024x576"x119.9   98.50  1024 1092 1200 1376  576 577 580 597 doublescan -hsync +vsync (71.6 kHz d)
[    91.002] (II) modeset(0): Modeline "1024x576"x119.9   78.38  1024 1048 1064 1104  576 577 580 592 doublescan +hsync -vsync (71.0 kHz d)
[    91.002] (II) modeset(0): Modeline "1024x576"x59.9   46.50  1024 1064 1160 1296  576 579 584 599 -hsync +vsync (35.9 kHz d)
[    91.002] (II) modeset(0): Modeline "1024x576"x59.8   42.00  1024 1072 1104 1184  576 579 584 593 +hsync -vsync (35.5 kHz d)
[    91.002] (II) modeset(0): Modeline "960x600"x119.9   96.62  960 1028 1128 1296  600 601 604 622 doublescan -hsync +vsync (74.6 kHz d)
[    91.002] (II) modeset(0): Modeline "960x600"x120.0   77.00  960 984 1000 1040  600 601 604 617 doublescan +hsync -vsync (74.0 kHz d)
[    91.002] (II) modeset(0): Modeline "960x540"x119.9   86.50  960 1024 1124 1288  540 541 544 560 doublescan -hsync +vsync (67.2 kHz d)
[    91.002] (II) modeset(0): Modeline "960x540"x120.0   69.25  960 984 1000 1040  540 541 544 555 doublescan +hsync -vsync (66.6 kHz d)
[    91.002] (II) modeset(0): Modeline "960x540"x59.6   40.75  960 992 1088 1216  540 543 548 562 -hsync +vsync (33.5 kHz d)
[    91.002] (II) modeset(0): Modeline "960x540"x59.8   37.25  960 1008 1040 1120  540 543 548 556 +hsync -vsync (33.3 kHz d)
[    91.002] (II) modeset(0): Modeline "800x600"x120.0   81.00  800 832 928 1080  600 600 602 625 doublescan +hsync +vsync (75.0 kHz d)
[    91.002] (II) modeset(0): Modeline "800x600"x60.3   40.00  800 840 968 1056  600 601 605 628 +hsync +vsync (37.9 kHz d)
[    91.002] (II) modeset(0): Modeline "800x600"x56.2   36.00  800 824 896 1024  600 601 603 625 +hsync +vsync (35.2 kHz d)
[    91.002] (II) modeset(0): Modeline "840x525"x120.0   73.12  840 892 980 1120  525 526 529 544 doublescan -hsync +vsync (65.3 kHz d)
[    91.002] (II) modeset(0): Modeline "840x525"x119.8   59.50  840 864 880 920  525 526 529 540 doublescan +hsync -vsync (64.7 kHz d)
[    91.002] (II) modeset(0): Modeline "864x486"x59.9   32.50  864 888 968 1072  486 489 494 506 -hsync +vsync (30.3 kHz d)
[    91.002] (II) modeset(0): Modeline "864x486"x59.6   30.50  864 912 944 1024  486 489 494 500 +hsync -vsync (29.8 kHz d)
[    91.002] (II) modeset(0): Modeline "800x512"x120.3   51.56  800 800 828 832  512 512 514 515 doublescan +hsync +vsync (62.0 kHz d)
[    91.002] (II) modeset(0): Modeline "700x525"x120.0   61.00  700 744 820 940  525 526 532 541 doublescan +hsync +vsync (64.9 kHz d)
[    91.002] (II) modeset(0): Modeline "800x450"x119.9   59.12  800 848 928 1056  450 451 454 467 doublescan -hsync +vsync (56.0 kHz d)
[    91.002] (II) modeset(0): Modeline "800x450"x119.6   48.75  800 824 840 880  450 451 454 463 doublescan +hsync -vsync (55.4 kHz d)
[    91.002] (II) modeset(0): Modeline "640x512"x120.0   54.00  640 664 720 844  512 512 514 533 doublescan +hsync +vsync (64.0 kHz d)
[    91.002] (II) modeset(0): Modeline "720x450"x119.8   53.25  720 760 836 952  450 451 454 467 doublescan -hsync +vsync (55.9 kHz d)
[    91.002] (II) modeset(0): Modeline "700x450"x119.9   51.75  700 740 812 924  450 451 456 467 doublescan -hsync +vsync (56.0 kHz d)
[    91.002] (II) modeset(0): Modeline "700x450"x119.8   43.25  700 724 740 780  450 451 456 463 doublescan +hsync -vsync (55.4 kHz d)
[    91.002] (II) modeset(0): Modeline "640x480"x120.0   54.00  640 688 744 900  480 480 482 500 doublescan +hsync +vsync (60.0 kHz d)
[    91.002] (II) modeset(0): Modeline "640x480"x59.9   25.18  640 656 752 800  480 490 492 525 -hsync -vsync (31.5 kHz d)
[    91.002] (II) modeset(0): Modeline "720x405"x59.5   22.50  720 744 808 896  405 408 413 422 -hsync +vsync (25.1 kHz d)
[    91.002] (II) modeset(0): Modeline "720x405"x59.0   21.75  720 768 800 880  405 408 413 419 +hsync -vsync (24.7 kHz d)
[    91.002] (II) modeset(0): Modeline "684x384"x119.8   42.62  684 720 788 892  384 385 390 399 doublescan -hsync +vsync (47.8 kHz d)
[    91.002] (II) modeset(0): Modeline "684x384"x119.7   36.12  684 708 724 764  384 385 390 395 doublescan +hsync -vsync (47.3 kHz d)
[    91.002] (II) modeset(0): Modeline "680x384"x119.6   42.38  680 716 784 888  384 385 390 399 doublescan -hsync +vsync (47.7 kHz d)
[    91.002] (II) modeset(0): Modeline "680x384"x119.9   36.00  680 704 720 760  384 385 390 395 doublescan +hsync -vsync (47.4 kHz d)
[    91.002] (II) modeset(0): Modeline "640x400"x119.8   41.75  640 676 740 840  400 401 404 415 doublescan -hsync +vsync (49.7 kHz d)
[    91.002] (II) modeset(0): Modeline "640x400"x120.0   35.50  640 664 680 720  400 401 404 411 doublescan +hsync -vsync (49.3 kHz d)
[    91.002] (II) modeset(0): Modeline "576x432"x120.1   40.81  576 608 668 760  432 432 434 447 doublescan -hsync +vsync (53.7 kHz d)
[    91.002] (II) modeset(0): Modeline "640x360"x119.7   37.25  640 672 736 832  360 361 364 374 doublescan -hsync +vsync (44.8 kHz d)
[    91.002] (II) modeset(0): Modeline "640x360"x119.7   31.88  640 664 680 720  360 361 364 370 doublescan +hsync -vsync (44.3 kHz d)
[    91.002] (II) modeset(0): Modeline "640x360"x59.8   18.00  640 664 720 800  360 363 368 376 -hsync +vsync (22.5 kHz d)
[    91.002] (II) modeset(0): Modeline "640x360"x59.3   17.75  640 688 720 800  360 363 368 374 +hsync -vsync (22.2 kHz d)
[    91.002] (II) modeset(0): Modeline "512x384"x120.0   32.50  512 524 592 672  384 385 388 403 doublescan -hsync -vsync (48.4 kHz d)
[    91.002] (II) modeset(0): Modeline "512x288"x120.0   23.25  512 532 580 648  288 289 292 299 doublescan -hsync +vsync (35.9 kHz d)
[    91.002] (II) modeset(0): Modeline "512x288"x119.8   21.00  512 536 552 592  288 289 292 296 doublescan +hsync -vsync (35.5 kHz d)
[    91.003] (II) modeset(0): Modeline "480x270"x119.3   20.38  480 496 544 608  270 271 274 281 doublescan -hsync +vsync (33.5 kHz d)
[    91.003] (II) modeset(0): Modeline "480x270"x119.6   18.62  480 504 520 560  270 271 274 278 doublescan +hsync -vsync (33.3 kHz d)
[    91.003] (II) modeset(0): Modeline "400x300"x120.6   20.00  400 420 484 528  300 300 302 314 doublescan +hsync +vsync (37.9 kHz d)
[    91.003] (II) modeset(0): Modeline "400x300"x112.7   18.00  400 412 448 512  300 300 301 312 doublescan +hsync +vsync (35.2 kHz d)
[    91.003] (II) modeset(0): Modeline "432x243"x119.8   16.25  432 444 484 536  243 244 247 253 doublescan -hsync +vsync (30.3 kHz d)
[    91.003] (II) modeset(0): Modeline "432x243"x119.1   15.25  432 456 472 512  243 244 247 250 doublescan +hsync -vsync (29.8 kHz d)
[    91.003] (II) modeset(0): Modeline "320x240"x120.1   12.59  320 328 376 400  240 245 246 262 doublescan -hsync -vsync (31.5 kHz d)
[    91.003] (II) modeset(0): Modeline "360x202"x119.0   11.25  360 372 404 448  202 204 206 211 doublescan -hsync +vsync (25.1 kHz d)
[    91.003] (II) modeset(0): Modeline "360x202"x118.3   10.88  360 384 400 440  202 204 206 209 doublescan +hsync -vsync (24.7 kHz d)
[    91.003] (II) modeset(0): Modeline "320x180"x119.7    9.00  320 332 360 400  180 181 184 188 doublescan -hsync +vsync (22.5 kHz d)
[    91.003] (II) modeset(0): Modeline "320x180"x118.6    8.88  320 344 360 400  180 181 184 187 doublescan +hsync -vsync (22.2 kHz d)
[    91.004] (II) modeset(0): EDID for output VGA-1
[    91.200] (II) modeset(0): EDID for output HDMI-1
[    91.200] (II) modeset(0): EDID for output DP-1
[    91.202] (II) modeset(0): EDID for output HDMI-2
[    91.203] (II) modeset(0): EDID for output HDMI-3
[    91.203] (II) modeset(0): EDID for output DP-2
[    91.203] (II) modeset(0): EDID for output DP-3
[    91.203] (II) modeset(0): Output LVDS-1 connected
[    91.203] (II) modeset(0): Output VGA-1 disconnected
[    91.203] (II) modeset(0): Output HDMI-1 disconnected
[    91.203] (II) modeset(0): Output DP-1 disconnected
[    91.203] (II) modeset(0): Output HDMI-2 disconnected
[    91.203] (II) modeset(0): Output HDMI-3 disconnected
[    91.203] (II) modeset(0): Output DP-2 disconnected
[    91.203] (II) modeset(0): Output DP-3 disconnected
[    91.203] (II) modeset(0): Using exact sizes for initial modes
[    91.203] (II) modeset(0): Output LVDS-1 using initial mode 1366x768 +0+0
[    91.203] (==) modeset(0): Using gamma correction (1.0, 1.0, 1.0)
[    91.203] (==) modeset(0): DPI set to (96, 96)
[    91.203] (II) Loading sub module "fb"
[    91.203] (II) LoadModule: "fb"
[    91.204] (II) Loading /usr/lib/xorg/modules/libfb.so
[    91.232] (II) Module fb: vendor="X.Org Foundation"
[    91.232] 	compiled for 1.20.4, module version = 1.0.0
[    91.232] 	ABI class: X.Org ANSI C Emulation, version 0.4
[    91.232] (II) UnloadModule: "fbdev"
[    91.232] (II) Unloading fbdev
[    91.232] (II) UnloadSubModule: "fbdevhw"
[    91.232] (II) Unloading fbdevhw
[    91.232] (II) UnloadModule: "vesa"
[    91.232] (II) Unloading vesa
[    91.425] (==) modeset(0): Backing store enabled
[    91.425] (==) modeset(0): Silken mouse enabled
[    91.504] (II) modeset(0): Initializing kms color map for depth 24, 8 bpc.
[    91.504] (==) modeset(0): DPMS enabled
[    91.505] (II) modeset(0): [DRI2] Setup complete
[    91.505] (II) modeset(0): [DRI2]   DRI driver: i965
[    91.505] (II) modeset(0): [DRI2]   VDPAU driver: i965
[    91.505] (II) Initializing extension Generic Event Extension
[    91.506] (II) Initializing extension SHAPE
[    91.506] (II) Initializing extension MIT-SHM
[    91.506] (II) Initializing extension XInputExtension
[    91.507] (II) Initializing extension XTEST
[    91.507] (II) Initializing extension BIG-REQUESTS
[    91.507] (II) Initializing extension SYNC
[    91.508] (II) Initializing extension XKEYBOARD
[    91.508] (II) Initializing extension XC-MISC
[    91.508] (II) Initializing extension SECURITY
[    91.509] (II) Initializing extension XFIXES
[    91.509] (II) Initializing extension RENDER
[    91.509] (II) Initializing extension RANDR
[    91.510] (II) Initializing extension COMPOSITE
[    91.510] (II) Initializing extension DAMAGE
[    91.510] (II) Initializing extension MIT-SCREEN-SAVER
[    91.510] (II) Initializing extension DOUBLE-BUFFER
[    91.511] (II) Initializing extension RECORD
[    91.511] (II) Initializing extension DPMS
[    91.511] (II) Initializing extension Present
[    91.512] (II) Initializing extension DRI3
[    91.512] (II) Initializing extension X-Resource
[    91.512] (II) Initializing extension XVideo
[    91.512] (II) Initializing extension XVideo-MotionCompensation
[    91.512] (II) Initializing extension SELinux
[    91.512] (II) SELinux: Disabled on system
[    91.512] (II) Initializing extension GLX
[    91.519] (II) AIGLX: Loaded and initialized i965
[    91.519] (II) GLX: Initialized DRI2 GL provider for screen 0
[    91.519] (II) Initializing extension XFree86-VidModeExtension
[    91.520] (II) Initializing extension XFree86-DGA
[    91.520] (II) Initializing extension XFree86-DRI
[    91.520] (II) Initializing extension DRI2
[    91.521] (II) modeset(0): Damage tracking initialized
[    91.521] (II) modeset(0): Setting screen physical size to 361 x 203
[    91.598] (II) config/udev: Adding input device Power Button (/dev/input/event2)
[    91.598] (**) Power Button: Applying InputClass "libinput keyboard catchall"
[    91.598] (II) LoadModule: "libinput"
[    91.598] (II) Loading /usr/lib/xorg/modules/input/libinput_drv.so
[    91.624] (II) Module libinput: vendor="X.Org Foundation"
[    91.624] 	compiled for 1.20.4, module version = 0.28.2
[    91.624] 	Module class: X.Org XInput Driver
[    91.624] 	ABI class: X.Org XInput driver, version 24.1
[    91.624] (II) Using input driver 'libinput' for 'Power Button'
[    91.625] (II) systemd-logind: got fd for /dev/input/event2 13:66 fd 21 paused 0
[    91.626] (**) Power Button: always reports core events
[    91.626] (**) Option "Device" "/dev/input/event2"
[    91.626] (**) Option "_source" "server/udev"
[    91.629] (II) event2  - Power Button: is tagged by udev as: Keyboard
[    91.629] (II) event2  - Power Button: device is a keyboard
[    91.629] (II) event2  - Power Button: device removed
[    91.629] (**) Option "config_info" "udev:/sys/devices/LNXSYSTM:00/LNXPWRBN:00/input/input2/event2"
[    91.629] (II) XINPUT: Adding extended input device "Power Button" (type: KEYBOARD, id 6)
[    91.629] (**) Option "xkb_model" "pc105"
[    91.629] (**) Option "xkb_layout" "fr"
[    91.652] (II) event2  - Power Button: is tagged by udev as: Keyboard
[    91.652] (II) event2  - Power Button: device is a keyboard
[    91.653] (II) config/udev: Adding input device Video Bus (/dev/input/event7)
[    91.653] (**) Video Bus: Applying InputClass "libinput keyboard catchall"
[    91.653] (II) Using input driver 'libinput' for 'Video Bus'
[    91.654] (II) systemd-logind: got fd for /dev/input/event7 13:71 fd 24 paused 0
[    91.654] (**) Video Bus: always reports core events
[    91.654] (**) Option "Device" "/dev/input/event7"
[    91.654] (**) Option "_source" "server/udev"
[    91.655] (II) event7  - Video Bus: is tagged by udev as: Keyboard
[    91.655] (II) event7  - Video Bus: device is a keyboard
[    91.655] (II) event7  - Video Bus: device removed
[    91.655] (**) Option "config_info" "udev:/sys/devices/LNXSYSTM:00/LNXSYBUS:00/PNP0A08:00/LNXVIDEO:00/input/input8/event7"
[    91.655] (II) XINPUT: Adding extended input device "Video Bus" (type: KEYBOARD, id 7)
[    91.655] (**) Option "xkb_model" "pc105"
[    91.655] (**) Option "xkb_layout" "fr"
[    91.656] (II) event7  - Video Bus: is tagged by udev as: Keyboard
[    91.656] (II) event7  - Video Bus: device is a keyboard
[    91.657] (II) config/udev: Adding input device Lid Switch (/dev/input/event0)
[    91.657] (II) No input driver specified, ignoring this device.
[    91.657] (II) This device may have been added with another device file.
[    91.657] (II) config/udev: Adding input device Sleep Button (/dev/input/event1)
[    91.657] (**) Sleep Button: Applying InputClass "libinput keyboard catchall"
[    91.657] (II) Using input driver 'libinput' for 'Sleep Button'
[    91.658] (II) systemd-logind: got fd for /dev/input/event1 13:65 fd 25 paused 0
[    91.658] (**) Sleep Button: always reports core events
[    91.658] (**) Option "Device" "/dev/input/event1"
[    91.658] (**) Option "_source" "server/udev"
[    91.659] (II) event1  - Sleep Button: is tagged by udev as: Keyboard
[    91.659] (II) event1  - Sleep Button: device is a keyboard
[    91.659] (II) event1  - Sleep Button: device removed
[    91.659] (**) Option "config_info" "udev:/sys/devices/LNXSYSTM:00/LNXSYBUS:00/PNP0C0E:00/input/input1/event1"
[    91.659] (II) XINPUT: Adding extended input device "Sleep Button" (type: KEYBOARD, id 8)
[    91.659] (**) Option "xkb_model" "pc105"
[    91.659] (**) Option "xkb_layout" "fr"
[    91.660] (II) event1  - Sleep Button: is tagged by udev as: Keyboard
[    91.660] (II) event1  - Sleep Button: device is a keyboard
[    91.662] (II) config/udev: Adding input device Integrated Camera: Integrated C (/dev/input/event8)
[    91.662] (**) Integrated Camera: Integrated C: Applying InputClass "libinput keyboard catchall"
[    91.662] (II) Using input driver 'libinput' for 'Integrated Camera: Integrated C'
[    91.663] (II) systemd-logind: got fd for /dev/input/event8 13:72 fd 26 paused 0
[    91.663] (**) Integrated Camera: Integrated C: always reports core events
[    91.663] (**) Option "Device" "/dev/input/event8"
[    91.663] (**) Option "_source" "server/udev"
[    91.664] (II) event8  - Integrated Camera: Integrated C: is tagged by udev as: Keyboard
[    91.664] (II) event8  - Integrated Camera: Integrated C: device is a keyboard
[    91.664] (II) event8  - Integrated Camera: Integrated C: device removed
[    91.664] (**) Option "config_info" "udev:/sys/devices/pci0000:00/0000:00:1a.0/usb1/1-1/1-1.6/1-1.6:1.0/input/input9/event8"
[    91.664] (II) XINPUT: Adding extended input device "Integrated Camera: Integrated C" (type: KEYBOARD, id 9)
[    91.664] (**) Option "xkb_model" "pc105"
[    91.664] (**) Option "xkb_layout" "fr"
[    91.665] (II) event8  - Integrated Camera: Integrated C: is tagged by udev as: Keyboard
[    91.665] (II) event8  - Integrated Camera: Integrated C: device is a keyboard
[    91.666] (II) config/udev: Adding input device HDA Intel PCH Mic (/dev/input/event9)
[    91.666] (II) No input driver specified, ignoring this device.
[    91.666] (II) This device may have been added with another device file.
[    91.666] (II) config/udev: Adding input device HDA Intel PCH Dock Mic (/dev/input/event10)
[    91.666] (II) No input driver specified, ignoring this device.
[    91.666] (II) This device may have been added with another device file.
[    91.667] (II) config/udev: Adding input device HDA Intel PCH Headphone (/dev/input/event11)
[    91.667] (II) No input driver specified, ignoring this device.
[    91.667] (II) This device may have been added with another device file.
[    91.667] (II) config/udev: Adding input device HDA Intel PCH Dock Headphone (/dev/input/event12)
[    91.667] (II) No input driver specified, ignoring this device.
[    91.667] (II) This device may have been added with another device file.
[    91.668] (II) config/udev: Adding input device HDA Intel PCH HDMI/DP,pcm=3 (/dev/input/event13)
[    91.668] (II) No input driver specified, ignoring this device.
[    91.668] (II) This device may have been added with another device file.
[    91.668] (II) config/udev: Adding input device HDA Intel PCH HDMI/DP,pcm=7 (/dev/input/event14)
[    91.668] (II) No input driver specified, ignoring this device.
[    91.668] (II) This device may have been added with another device file.
[    91.668] (II) config/udev: Adding input device HDA Intel PCH HDMI/DP,pcm=8 (/dev/input/event15)
[    91.668] (II) No input driver specified, ignoring this device.
[    91.668] (II) This device may have been added with another device file.
[    91.669] (II) config/udev: Adding input device AT Translated Set 2 keyboard (/dev/input/event3)
[    91.669] (**) AT Translated Set 2 keyboard: Applying InputClass "libinput keyboard catchall"
[    91.669] (II) Using input driver 'libinput' for 'AT Translated Set 2 keyboard'
[    91.670] (II) systemd-logind: got fd for /dev/input/event3 13:67 fd 27 paused 0
[    91.670] (**) AT Translated Set 2 keyboard: always reports core events
[    91.670] (**) Option "Device" "/dev/input/event3"
[    91.670] (**) Option "_source" "server/udev"
[    91.671] (II) event3  - AT Translated Set 2 keyboard: is tagged by udev as: Keyboard
[    91.671] (II) event3  - AT Translated Set 2 keyboard: device is a keyboard
[    91.671] (II) event3  - AT Translated Set 2 keyboard: device removed
[    91.671] (**) Option "config_info" "udev:/sys/devices/platform/i8042/serio0/input/input3/event3"
[    91.671] (II) XINPUT: Adding extended input device "AT Translated Set 2 keyboard" (type: KEYBOARD, id 10)
[    91.671] (**) Option "xkb_model" "pc105"
[    91.671] (**) Option "xkb_layout" "fr"
[    91.672] (II) event3  - AT Translated Set 2 keyboard: is tagged by udev as: Keyboard
[    91.672] (II) event3  - AT Translated Set 2 keyboard: device is a keyboard
[    91.674] (II) config/udev: Adding input device SynPS/2 Synaptics TouchPad (/dev/input/event4)
[    91.674] (**) SynPS/2 Synaptics TouchPad: Applying InputClass "libinput touchpad catchall"
[    91.674] (II) Using input driver 'libinput' for 'SynPS/2 Synaptics TouchPad'
[    91.674] (II) systemd-logind: got fd for /dev/input/event4 13:68 fd 28 paused 0
[    91.674] (**) SynPS/2 Synaptics TouchPad: always reports core events
[    91.674] (**) Option "Device" "/dev/input/event4"
[    91.674] (**) Option "_source" "server/udev"
[    91.676] (II) event4  - SynPS/2 Synaptics TouchPad: is tagged by udev as: Touchpad
[    91.677] (II) event4  - SynPS/2 Synaptics TouchPad: device is a touchpad
[    91.677] (II) event4  - SynPS/2 Synaptics TouchPad: device removed
[    91.677] (**) Option "config_info" "udev:/sys/devices/platform/i8042/serio1/input/input5/event4"
[    91.677] (II) XINPUT: Adding extended input device "SynPS/2 Synaptics TouchPad" (type: TOUCHPAD, id 11)
[    91.678] (**) Option "AccelerationScheme" "none"
[    91.678] (**) SynPS/2 Synaptics TouchPad: (accel) selected scheme none/0
[    91.678] (**) SynPS/2 Synaptics TouchPad: (accel) acceleration factor: 2.000
[    91.678] (**) SynPS/2 Synaptics TouchPad: (accel) acceleration threshold: 4
[    91.679] (II) event4  - SynPS/2 Synaptics TouchPad: is tagged by udev as: Touchpad
[    91.679] (II) event4  - SynPS/2 Synaptics TouchPad: device is a touchpad
[    91.680] (II) config/udev: Adding input device SynPS/2 Synaptics TouchPad (/dev/input/mouse0)
[    91.680] (II) No input driver specified, ignoring this device.
[    91.680] (II) This device may have been added with another device file.
[    91.680] (II) config/udev: Adding input device TPPS/2 IBM TrackPoint (/dev/input/event5)
[    91.680] (**) TPPS/2 IBM TrackPoint: Applying InputClass "libinput pointer catchall"
[    91.680] (II) Using input driver 'libinput' for 'TPPS/2 IBM TrackPoint'
[    91.682] (II) systemd-logind: got fd for /dev/input/event5 13:69 fd 29 paused 0
[    91.682] (**) TPPS/2 IBM TrackPoint: always reports core events
[    91.682] (**) Option "Device" "/dev/input/event5"
[    91.682] (**) Option "_source" "server/udev"
[    91.683] (II) event5  - TPPS/2 IBM TrackPoint: is tagged by udev as: Mouse Pointingstick
[    91.683] (II) event5  - TPPS/2 IBM TrackPoint: device is a pointer
[    91.684] (II) event5  - TPPS/2 IBM TrackPoint: device removed
[    91.684] (**) Option "config_info" "udev:/sys/devices/platform/i8042/serio1/serio2/input/input6/event5"
[    91.684] (II) XINPUT: Adding extended input device "TPPS/2 IBM TrackPoint" (type: MOUSE, id 12)
[    91.684] (**) Option "AccelerationScheme" "none"
[    91.684] (**) TPPS/2 IBM TrackPoint: (accel) selected scheme none/0
[    91.684] (**) TPPS/2 IBM TrackPoint: (accel) acceleration factor: 2.000
[    91.684] (**) TPPS/2 IBM TrackPoint: (accel) acceleration threshold: 4
[    91.685] (II) event5  - TPPS/2 IBM TrackPoint: is tagged by udev as: Mouse Pointingstick
[    91.685] (II) event5  - TPPS/2 IBM TrackPoint: device is a pointer
[    91.686] (II) config/udev: Adding input device TPPS/2 IBM TrackPoint (/dev/input/mouse1)
[    91.686] (II) No input driver specified, ignoring this device.
[    91.686] (II) This device may have been added with another device file.
[    91.689] (II) config/udev: Adding input device ThinkPad Extra Buttons (/dev/input/event6)
[    91.689] (**) ThinkPad Extra Buttons: Applying InputClass "libinput keyboard catchall"
[    91.689] (II) Using input driver 'libinput' for 'ThinkPad Extra Buttons'
[    91.689] (II) systemd-logind: got fd for /dev/input/event6 13:70 fd 30 paused 0
[    91.689] (**) ThinkPad Extra Buttons: always reports core events
[    91.689] (**) Option "Device" "/dev/input/event6"
[    91.689] (**) Option "_source" "server/udev"
[    91.690] (II) event6  - ThinkPad Extra Buttons: is tagged by udev as: Keyboard Switch
[    91.690] (II) event6  - ThinkPad Extra Buttons: device is a keyboard
[    91.690] (II) event6  - ThinkPad Extra Buttons: device removed
[    91.691] (**) Option "config_info" "udev:/sys/devices/platform/thinkpad_acpi/input/input7/event6"
[    91.691] (II) XINPUT: Adding extended input device "ThinkPad Extra Buttons" (type: KEYBOARD, id 13)
[    91.691] (**) Option "xkb_model" "pc105"
[    91.691] (**) Option "xkb_layout" "fr"
[    91.692] (II) event6  - ThinkPad Extra Buttons: is tagged by udev as: Keyboard Switch
[    91.692] (II) event6  - ThinkPad Extra Buttons: device is a keyboard
[    95.977] (II) modeset(0): EDID vendor "LGD", prod id 821
[    95.977] (II) modeset(0): Printing DDC gathered Modelines:
[    95.977] (II) modeset(0): Modeline "1366x768"x0.0   69.30  1366 1398 1430 1470  768 771 776 786 -hsync -vsync (47.1 kHz eP)
[  8987.231] (II) modeset(0): EDID vendor "LGD", prod id 821
[  8987.231] (II) modeset(0): Printing DDC gathered Modelines:
[  8987.231] (II) modeset(0): Modeline "1366x768"x0.0   69.30  1366 1398 1430 1470  768 771 776 786 -hsync -vsync (47.1 kHz eP)
