[2019-04-25 09:31:16.027] [sharedprocess] [info] main {"machineId":"5c19433d321db981c24d7f3de725d60f5707369282950d802ef7baad260e3f66"}
[2019-04-25 09:31:16.292] [sharedprocess] [info] Scanned user extensions: 1
[2019-04-25 09:31:16.303] [sharedprocess] [info] Scanned user extensions: 1
[2019-04-25 09:31:16.415] [sharedprocess] [info] Scanned system extensions: 72
[2019-04-25 09:31:16.416] [sharedprocess] [info] Scanned system extensions: 72
[2019-04-25 09:31:17.608] [sharedprocess] [info] Scanned user extensions: 1
[2019-04-25 09:31:56.037] [sharedprocess] [info] Starting to clean up unused language packs.
[2019-04-25 09:36:17.647] [sharedprocess] [info] Scanned user extensions: 1
[2019-04-25 09:41:17.665] [sharedprocess] [info] Scanned user extensions: 1
[2019-04-25 09:46:17.680] [sharedprocess] [info] Scanned user extensions: 1
[2019-04-25 09:51:17.697] [sharedprocess] [info] Scanned user extensions: 1
[2019-04-25 09:56:17.712] [sharedprocess] [info] Scanned user extensions: 1
[2019-04-25 10:01:17.727] [sharedprocess] [info] Scanned user extensions: 1
[2019-04-25 10:06:17.741] [sharedprocess] [info] Scanned user extensions: 1
[2019-04-25 10:11:17.756] [sharedprocess] [info] Scanned user extensions: 1
[2019-04-25 10:16:17.771] [sharedprocess] [info] Scanned user extensions: 1
[2019-04-25 10:21:17.788] [sharedprocess] [info] Scanned user extensions: 1
[2019-04-25 10:26:17.802] [sharedprocess] [info] Scanned user extensions: 1
[2019-04-25 10:31:17.912] [sharedprocess] [info] Scanned user extensions: 1
[2019-04-25 10:36:17.927] [sharedprocess] [info] Scanned user extensions: 1
[2019-04-25 10:41:17.944] [sharedprocess] [info] Scanned user extensions: 1
[2019-04-25 10:46:17.961] [sharedprocess] [info] Scanned user extensions: 1
[2019-04-25 10:51:17.983] [sharedprocess] [info] Scanned user extensions: 1
[2019-04-25 10:56:17.997] [sharedprocess] [info] Scanned user extensions: 1
[2019-04-25 11:01:18.011] [sharedprocess] [info] Scanned user extensions: 1
[2019-04-25 11:06:18.027] [sharedprocess] [info] Scanned user extensions: 1
[2019-04-25 11:11:18.043] [sharedprocess] [info] Scanned user extensions: 1
[2019-04-25 11:16:18.057] [sharedprocess] [info] Scanned user extensions: 1
[2019-04-25 11:21:18.073] [sharedprocess] [info] Scanned user extensions: 1
[2019-04-25 11:26:18.086] [sharedprocess] [info] Scanned user extensions: 1
[2019-04-25 11:31:18.185] [sharedprocess] [info] Scanned user extensions: 1
[2019-04-25 11:36:18.201] [sharedprocess] [info] Scanned user extensions: 1
[2019-04-25 11:41:18.213] [sharedprocess] [info] Scanned user extensions: 1
[2019-04-25 11:46:18.229] [sharedprocess] [info] Scanned user extensions: 1
[2019-04-25 11:51:18.242] [sharedprocess] [info] Scanned user extensions: 1
[2019-04-25 11:56:18.261] [sharedprocess] [info] Scanned user extensions: 1
[2019-04-25 12:01:18.272] [sharedprocess] [info] Scanned user extensions: 1
[2019-04-25 12:06:18.286] [sharedprocess] [info] Scanned user extensions: 1
[2019-04-25 12:11:18.303] [sharedprocess] [info] Scanned user extensions: 1
[2019-04-25 12:16:18.319] [sharedprocess] [info] Scanned user extensions: 1
[2019-04-25 12:21:18.331] [sharedprocess] [info] Scanned user extensions: 1
[2019-04-25 12:26:18.343] [sharedprocess] [info] Scanned user extensions: 1
[2019-04-25 12:31:18.440] [sharedprocess] [info] Scanned user extensions: 1
[2019-04-25 12:36:18.458] [sharedprocess] [info] Scanned user extensions: 1
[2019-04-25 12:41:18.473] [sharedprocess] [info] Scanned user extensions: 1
[2019-04-25 12:46:18.499] [sharedprocess] [info] Scanned user extensions: 1
[2019-04-25 12:51:18.512] [sharedprocess] [info] Scanned user extensions: 1
[2019-04-25 12:56:18.526] [sharedprocess] [info] Scanned user extensions: 1
[2019-04-25 13:01:18.542] [sharedprocess] [info] Scanned user extensions: 1
[2019-04-25 13:06:18.556] [sharedprocess] [info] Scanned user extensions: 1
[2019-04-25 13:11:18.572] [sharedprocess] [info] Scanned user extensions: 1
[2019-04-25 13:16:18.586] [sharedprocess] [info] Scanned user extensions: 1
[2019-04-25 13:21:18.601] [sharedprocess] [info] Scanned user extensions: 1
[2019-04-25 13:26:18.612] [sharedprocess] [info] Scanned user extensions: 1
[2019-04-25 13:31:18.722] [sharedprocess] [info] Scanned user extensions: 1
[2019-04-25 13:36:18.743] [sharedprocess] [info] Scanned user extensions: 1
[2019-04-25 13:41:18.762] [sharedprocess] [info] Scanned user extensions: 1
[2019-04-25 13:46:18.776] [sharedprocess] [info] Scanned user extensions: 1
[2019-04-25 13:51:18.792] [sharedprocess] [info] Scanned user extensions: 1
[2019-04-25 13:56:18.805] [sharedprocess] [info] Scanned user extensions: 1
[2019-04-25 14:01:18.819] [sharedprocess] [info] Scanned user extensions: 1
[2019-04-25 14:06:18.832] [sharedprocess] [info] Scanned user extensions: 1
[2019-04-25 14:11:18.847] [sharedprocess] [info] Scanned user extensions: 1
[2019-04-25 14:16:18.858] [sharedprocess] [info] Scanned user extensions: 1
[2019-04-25 14:21:18.873] [sharedprocess] [info] Scanned user extensions: 1
[2019-04-25 14:26:18.887] [sharedprocess] [info] Scanned user extensions: 1
[2019-04-25 14:31:18.978] [sharedprocess] [info] Scanned user extensions: 1
[2019-04-25 14:36:18.993] [sharedprocess] [info] Scanned user extensions: 1
[2019-04-25 14:41:19.007] [sharedprocess] [info] Scanned user extensions: 1
[2019-04-25 14:46:19.025] [sharedprocess] [info] Scanned user extensions: 1
[2019-04-25 14:51:19.038] [sharedprocess] [info] Scanned user extensions: 1
[2019-04-25 14:56:19.051] [sharedprocess] [info] Scanned user extensions: 1
[2019-04-25 15:01:19.067] [sharedprocess] [info] Scanned user extensions: 1
[2019-04-25 15:05:48.720] [sharedprocess] [info] Scanned user extensions: 1
[2019-04-25 15:05:48.722] [sharedprocess] [info] Scanned user extensions: 1
[2019-04-25 15:05:48.813] [sharedprocess] [info] Scanned system extensions: 72
[2019-04-25 15:05:48.819] [sharedprocess] [info] Scanned system extensions: 72
[2019-04-25 15:05:50.792] [sharedprocess] [info] Scanned user extensions: 1
[2019-04-25 15:06:19.082] [sharedprocess] [info] Scanned user extensions: 1
[2019-04-25 15:10:50.802] [sharedprocess] [info] Scanned user extensions: 1
[2019-04-25 15:11:19.099] [sharedprocess] [info] Scanned user extensions: 1
[2019-04-25 15:14:57.640] [sharedprocess] [info] Scanned user extensions: 1
[2019-04-25 15:14:57.642] [sharedprocess] [info] Scanned user extensions: 1
[2019-04-25 15:14:57.645] [sharedprocess] [info] Scanned user extensions: 1
[2019-04-25 15:14:57.648] [sharedprocess] [info] Scanned user extensions: 1
[2019-04-25 15:14:57.703] [sharedprocess] [info] Scanned system extensions: 72
[2019-04-25 15:14:57.708] [sharedprocess] [info] Scanned system extensions: 72
[2019-04-25 15:14:57.712] [sharedprocess] [info] Scanned system extensions: 72
[2019-04-25 15:15:21.980] [sharedprocess] [info] Installing extension: esbenp.prettier-vscode
[2019-04-25 15:15:21.992] [sharedprocess] [info] Scanned user extensions: 1
[2019-04-25 15:15:49.005] [sharedprocess] [info] Downloaded extension: esbenp.prettier-vscode /tmp/33487a15-19a7-488e-a6c2-496cbd3d8d9a
[2019-04-25 15:15:50.814] [sharedprocess] [info] Scanned user extensions: 1
[2019-04-25 15:15:55.805] [sharedprocess] [info] Extracted extension to /home/simplon/.vscode/extensions/.esbenp.prettier-vscode-1.8.1: esbenp.prettier-vscode
[2019-04-25 15:15:55.805] [sharedprocess] [info] Renamed to /home/simplon/.vscode/extensions/esbenp.prettier-vscode-1.8.1
[2019-04-25 15:15:55.807] [sharedprocess] [info] Installation completed. esbenp.prettier-vscode
[2019-04-25 15:15:55.867] [sharedprocess] [info] Extensions installed successfully: esbenp.prettier-vscode
[2019-04-25 15:16:19.119] [sharedprocess] [info] Scanned user extensions: 2
[2019-04-25 15:20:50.830] [sharedprocess] [info] Scanned user extensions: 2
[2019-04-25 15:25:50.850] [sharedprocess] [info] Scanned user extensions: 2
