[2019-04-24 16:43:06.485] [exthost] [info] extension host started
[2019-04-24 16:43:06.513] [exthost] [info] ExtensionService#_doActivateExtension vscode.debug-auto-launch {"startup":true,"activationEvent":"*"}
[2019-04-24 16:43:06.513] [exthost] [info] ExtensionService#loadCommonJSModule /snap/code/6/usr/share/code/resources/app/extensions/debug-auto-launch/dist/extension
[2019-04-24 16:43:06.517] [exthost] [info] ExtensionService#_doActivateExtension vscode.emmet {"startup":true,"activationEvent":"*"}
[2019-04-24 16:43:06.517] [exthost] [info] ExtensionService#loadCommonJSModule /snap/code/6/usr/share/code/resources/app/extensions/emmet/dist/extension
[2019-04-24 16:43:06.536] [exthost] [info] ExtensionService#_doActivateExtension vscode.git {"startup":true,"activationEvent":"*"}
[2019-04-24 16:43:06.536] [exthost] [info] ExtensionService#loadCommonJSModule /snap/code/6/usr/share/code/resources/app/extensions/git/dist/main
[2019-04-24 16:43:06.643] [exthost] [info] ExtensionService#_doActivateExtension vscode.merge-conflict {"startup":true,"activationEvent":"*"}
[2019-04-24 16:43:06.643] [exthost] [info] ExtensionService#loadCommonJSModule /snap/code/6/usr/share/code/resources/app/extensions/merge-conflict/dist/extension
[2019-04-24 16:43:06.649] [exthost] [info] eager extensions activated
[2019-04-24 16:43:13.358] [exthost] [info] extension host started
[2019-04-24 16:43:13.391] [exthost] [info] ExtensionService#_doActivateExtension vscode.debug-auto-launch {"startup":true,"activationEvent":"*"}
[2019-04-24 16:43:13.391] [exthost] [info] ExtensionService#loadCommonJSModule /snap/code/6/usr/share/code/resources/app/extensions/debug-auto-launch/dist/extension
[2019-04-24 16:43:13.397] [exthost] [info] ExtensionService#_doActivateExtension vscode.emmet {"startup":true,"activationEvent":"*"}
[2019-04-24 16:43:13.397] [exthost] [info] ExtensionService#loadCommonJSModule /snap/code/6/usr/share/code/resources/app/extensions/emmet/dist/extension
[2019-04-24 16:43:13.416] [exthost] [info] ExtensionService#_doActivateExtension vscode.git {"startup":true,"activationEvent":"*"}
[2019-04-24 16:43:13.416] [exthost] [info] ExtensionService#loadCommonJSModule /snap/code/6/usr/share/code/resources/app/extensions/git/dist/main
[2019-04-24 16:43:13.511] [exthost] [info] ExtensionService#_doActivateExtension vscode.merge-conflict {"startup":true,"activationEvent":"*"}
[2019-04-24 16:43:13.511] [exthost] [info] ExtensionService#loadCommonJSModule /snap/code/6/usr/share/code/resources/app/extensions/merge-conflict/dist/extension
[2019-04-24 16:43:13.517] [exthost] [info] eager extensions activated
[2019-04-24 16:43:15.060] [exthost] [info] ExtensionService#_doActivateExtension vscode.html-language-features {"startup":false,"activationEvent":"onLanguage:html"}
[2019-04-24 16:43:15.060] [exthost] [info] ExtensionService#loadCommonJSModule /snap/code/6/usr/share/code/resources/app/extensions/html-language-features/client/dist/htmlMain
[2019-04-24 16:44:29.904] [exthost] [info] ExtensionService#_doActivateExtension vscode.css-language-features {"startup":false,"activationEvent":"onLanguage:css"}
[2019-04-24 16:44:29.904] [exthost] [info] ExtensionService#loadCommonJSModule /snap/code/6/usr/share/code/resources/app/extensions/css-language-features/client/dist/cssMain
